<?xml version="1.0" encoding="UTF-8"?>
<testsuite xmlns:xsi="http://www.w3.org/2001/XMLSchema-instance" xsi:noNamespaceSchemaLocation="https://maven.apache.org/surefire/maven-surefire-plugin/xsd/surefire-test-report-3.0.xsd" version="3.0" name="produto.TestRepositorioProdutos" time="0.058" tests="5" errors="0" skipped="0" failures="0">
  <properties>
[...]
</properties>
  <testcase name="testProcurar" classname="produto.TestRepositorioProdutos" time="0.004"/>
  <testcase name="testRemover" classname="produto.TestRepositorioProdutos" time="0.0"/>
  <testcase name="testAtualizar" classname="produto.TestRepositorioProdutos" time="0.0"/>
  <testcase name="testExiste" classname="produto.TestRepositorioProdutos" time="0.0"/>
  <testcase name="testInserir" classname="produto.TestRepositorioProdutos" time="0.0"/>
</testsuite>